2018-07-09T04:18:05+00:00 DEBUG 
====Stripe Version: 4.1.7====
====Start Log====
Keys are not set correctly.
====End Log====


2018-07-09T04:18:20+00:00 DEBUG 
====Stripe Version: 4.1.7====
====Start Log====
Keys are not set correctly.
====End Log====


2018-07-09T04:41:47+00:00 DEBUG 
====Stripe Version: 4.1.7====
====Start Log====
Keys are not set correctly.
====End Log====


2018-07-09T04:42:01+00:00 DEBUG 
====Stripe Version: 4.1.7====
====Start Log====
Keys are not set correctly.
====End Log====


2018-07-09T06:24:52+00:00 DEBUG 
====Stripe Version: 4.1.7====
====Start Log====
Keys are not set correctly.
====End Log====


2018-07-09T06:25:04+00:00 DEBUG 
====Stripe Version: 4.1.7====
====Start Log====
Keys are not set correctly.
====End Log====


2018-07-09T06:26:10+00:00 DEBUG 
====Stripe Version: 4.1.7====
====Start Log====
Keys are not set correctly.
====End Log====


2018-07-09T06:26:23+00:00 DEBUG 
====Stripe Version: 4.1.7====
====Start Log====
Keys are not set correctly.
====End Log====


2018-07-09T06:26:36+00:00 DEBUG 
====Stripe Version: 4.1.7====
====Start Log====
Keys are not set correctly.
====End Log====


2018-07-09T06:26:47+00:00 DEBUG 
====Stripe Version: 4.1.7====
====Start Log====
Keys are not set correctly.
====End Log====


2018-07-09T06:26:53+00:00 DEBUG 
====Stripe Version: 4.1.7====
====Start Log====
Keys are not set correctly.
====End Log====


2018-07-09T06:26:58+00:00 DEBUG 
====Stripe Version: 4.1.7====
====Start Log====
Keys are not set correctly.
====End Log====


2018-07-09T10:24:57+00:00 DEBUG 
====Stripe Version: 4.1.7====
====Start Log====
Keys are not set correctly.
====End Log====


2018-07-09T10:25:25+00:00 DEBUG 
====Stripe Version: 4.1.7====
====Start Log====
Keys are not set correctly.
====End Log====


2018-07-09T10:50:27+00:00 DEBUG 
====Stripe Version: 4.1.7====
====Start Log====
Keys are not set correctly.
====End Log====


2018-07-09T10:50:39+00:00 DEBUG 
====Stripe Version: 4.1.7====
====Start Log====
Keys are not set correctly.
====End Log====


2018-07-09T10:51:12+00:00 DEBUG 
====Stripe Version: 4.1.7====
====Start Log====
Keys are not set correctly.
====End Log====


2018-07-09T10:51:21+00:00 DEBUG 
====Stripe Version: 4.1.7====
====Start Log====
Keys are not set correctly.
====End Log====


