2018-07-03T07:35:13+00:00 DEBUG 
====Stripe Version: 4.1.7====
====Start Log====
Keys are not set correctly.
====End Log====


2018-07-03T07:43:43+00:00 DEBUG 
====Stripe Version: 4.1.7====
====Start Log====
Keys are not set correctly.
====End Log====


2018-07-03T07:45:35+00:00 DEBUG 
====Stripe Version: 4.1.7====
====Start Log====
Keys are not set correctly.
====End Log====


2018-07-03T07:45:38+00:00 DEBUG 
====Stripe Version: 4.1.7====
====Start Log====
Keys are not set correctly.
====End Log====


2018-07-03T07:45:41+00:00 DEBUG 
====Stripe Version: 4.1.7====
====Start Log====
Keys are not set correctly.
====End Log====


2018-07-03T07:45:42+00:00 DEBUG 
====Stripe Version: 4.1.7====
====Start Log====
Keys are not set correctly.
====End Log====


2018-07-03T07:45:58+00:00 DEBUG 
====Stripe Version: 4.1.7====
====Start Log====
Keys are not set correctly.
====End Log====


2018-07-03T07:49:30+00:00 DEBUG 
====Stripe Version: 4.1.7====
====Start Log====
Keys are not set correctly.
====End Log====


2018-07-03T07:49:31+00:00 DEBUG 
====Stripe Version: 4.1.7====
====Start Log====
Keys are not set correctly.
====End Log====


2018-07-03T07:49:47+00:00 DEBUG 
====Stripe Version: 4.1.7====
====Start Log====
Keys are not set correctly.
====End Log====


2018-07-03T07:51:31+00:00 DEBUG 
====Stripe Version: 4.1.7====
====Start Log====
Keys are not set correctly.
====End Log====


2018-07-03T07:51:32+00:00 DEBUG 
====Stripe Version: 4.1.7====
====Start Log====
Keys are not set correctly.
====End Log====


2018-07-03T07:51:46+00:00 DEBUG 
====Stripe Version: 4.1.7====
====Start Log====
Keys are not set correctly.
====End Log====


2018-07-03T07:53:26+00:00 DEBUG 
====Stripe Version: 4.1.7====
====Start Log====
Keys are not set correctly.
====End Log====


2018-07-03T07:59:18+00:00 DEBUG 
====Stripe Version: 4.1.7====
====Start Log====
Keys are not set correctly.
====End Log====


2018-07-03T08:00:51+00:00 DEBUG 
====Stripe Version: 4.1.7====
====Start Log====
Keys are not set correctly.
====End Log====


2018-07-03T08:01:03+00:00 DEBUG 
====Stripe Version: 4.1.7====
====Start Log====
Keys are not set correctly.
====End Log====


2018-07-03T08:01:04+00:00 DEBUG 
====Stripe Version: 4.1.7====
====Start Log====
Keys are not set correctly.
====End Log====


2018-07-03T08:01:21+00:00 DEBUG 
====Stripe Version: 4.1.7====
====Start Log====
Keys are not set correctly.
====End Log====


2018-07-03T08:02:54+00:00 DEBUG 
====Stripe Version: 4.1.7====
====Start Log====
Keys are not set correctly.
====End Log====


2018-07-03T08:02:57+00:00 DEBUG 
====Stripe Version: 4.1.7====
====Start Log====
Keys are not set correctly.
====End Log====


2018-07-03T08:02:58+00:00 DEBUG 
====Stripe Version: 4.1.7====
====Start Log====
Keys are not set correctly.
====End Log====


2018-07-03T08:03:14+00:00 DEBUG 
====Stripe Version: 4.1.7====
====Start Log====
Keys are not set correctly.
====End Log====


2018-07-03T08:03:37+00:00 DEBUG 
====Stripe Version: 4.1.7====
====Start Log====
Keys are not set correctly.
====End Log====


2018-07-03T08:03:43+00:00 DEBUG 
====Stripe Version: 4.1.7====
====Start Log====
Keys are not set correctly.
====End Log====


2018-07-03T08:03:47+00:00 DEBUG 
====Stripe Version: 4.1.7====
====Start Log====
Keys are not set correctly.
====End Log====


2018-07-03T08:03:50+00:00 DEBUG 
====Stripe Version: 4.1.7====
====Start Log====
Keys are not set correctly.
====End Log====


2018-07-03T08:03:51+00:00 DEBUG 
====Stripe Version: 4.1.7====
====Start Log====
Keys are not set correctly.
====End Log====


2018-07-03T08:04:10+00:00 DEBUG 
====Stripe Version: 4.1.7====
====Start Log====
Keys are not set correctly.
====End Log====


2018-07-03T08:04:16+00:00 DEBUG 
====Stripe Version: 4.1.7====
====Start Log====
Keys are not set correctly.
====End Log====


2018-07-03T08:04:19+00:00 DEBUG 
====Stripe Version: 4.1.7====
====Start Log====
Keys are not set correctly.
====End Log====


2018-07-03T08:04:22+00:00 DEBUG 
====Stripe Version: 4.1.7====
====Start Log====
Keys are not set correctly.
====End Log====


2018-07-03T08:04:26+00:00 DEBUG 
====Stripe Version: 4.1.7====
====Start Log====
Keys are not set correctly.
====End Log====


2018-07-03T08:04:26+00:00 DEBUG 
====Stripe Version: 4.1.7====
====Start Log====
Keys are not set correctly.
====End Log====


2018-07-03T08:05:44+00:00 DEBUG 
====Stripe Version: 4.1.7====
====Start Log====
Keys are not set correctly.
====End Log====


2018-07-03T08:05:49+00:00 DEBUG 
====Stripe Version: 4.1.7====
====Start Log====
Keys are not set correctly.
====End Log====


2018-07-03T08:05:52+00:00 DEBUG 
====Stripe Version: 4.1.7====
====Start Log====
Keys are not set correctly.
====End Log====


2018-07-03T08:05:53+00:00 DEBUG 
====Stripe Version: 4.1.7====
====Start Log====
Keys are not set correctly.
====End Log====


2018-07-03T08:06:14+00:00 DEBUG 
====Stripe Version: 4.1.7====
====Start Log====
Keys are not set correctly.
====End Log====


2018-07-03T08:06:24+00:00 DEBUG 
====Stripe Version: 4.1.7====
====Start Log====
Keys are not set correctly.
====End Log====


2018-07-03T08:06:27+00:00 DEBUG 
====Stripe Version: 4.1.7====
====Start Log====
Keys are not set correctly.
====End Log====


2018-07-03T08:06:28+00:00 DEBUG 
====Stripe Version: 4.1.7====
====Start Log====
Keys are not set correctly.
====End Log====


2018-07-03T08:07:40+00:00 DEBUG 
====Stripe Version: 4.1.7====
====Start Log====
Keys are not set correctly.
====End Log====


2018-07-03T08:07:43+00:00 DEBUG 
====Stripe Version: 4.1.7====
====Start Log====
Keys are not set correctly.
====End Log====


2018-07-03T08:07:44+00:00 DEBUG 
====Stripe Version: 4.1.7====
====Start Log====
Keys are not set correctly.
====End Log====


2018-07-03T08:07:53+00:00 DEBUG 
====Stripe Version: 4.1.7====
====Start Log====
Keys are not set correctly.
====End Log====


2018-07-03T08:08:06+00:00 DEBUG 
====Stripe Version: 4.1.7====
====Start Log====
Keys are not set correctly.
====End Log====


2018-07-03T08:11:09+00:00 DEBUG 
====Stripe Version: 4.1.7====
====Start Log====
Keys are not set correctly.
====End Log====


2018-07-03T08:11:20+00:00 DEBUG 
====Stripe Version: 4.1.7====
====Start Log====
Keys are not set correctly.
====End Log====


2018-07-03T08:12:04+00:00 DEBUG 
====Stripe Version: 4.1.7====
====Start Log====
Keys are not set correctly.
====End Log====


2018-07-03T08:12:07+00:00 DEBUG 
====Stripe Version: 4.1.7====
====Start Log====
Keys are not set correctly.
====End Log====


2018-07-03T08:12:10+00:00 DEBUG 
====Stripe Version: 4.1.7====
====Start Log====
Keys are not set correctly.
====End Log====


2018-07-03T08:12:11+00:00 DEBUG 
====Stripe Version: 4.1.7====
====Start Log====
Keys are not set correctly.
====End Log====


2018-07-03T08:12:14+00:00 DEBUG 
====Stripe Version: 4.1.7====
====Start Log====
Keys are not set correctly.
====End Log====


2018-07-03T08:12:17+00:00 DEBUG 
====Stripe Version: 4.1.7====
====Start Log====
Keys are not set correctly.
====End Log====


2018-07-03T08:12:30+00:00 DEBUG 
====Stripe Version: 4.1.7====
====Start Log====
Keys are not set correctly.
====End Log====


2018-07-03T08:12:49+00:00 DEBUG 
====Stripe Version: 4.1.7====
====Start Log====
Keys are not set correctly.
====End Log====


2018-07-03T08:16:50+00:00 DEBUG 
====Stripe Version: 4.1.7====
====Start Log====
Keys are not set correctly.
====End Log====


2018-07-03T08:16:58+00:00 DEBUG 
====Stripe Version: 4.1.7====
====Start Log====
Keys are not set correctly.
====End Log====


2018-07-03T08:17:16+00:00 DEBUG 
====Stripe Version: 4.1.7====
====Start Log====
Keys are not set correctly.
====End Log====


2018-07-03T08:17:19+00:00 DEBUG 
====Stripe Version: 4.1.7====
====Start Log====
Keys are not set correctly.
====End Log====


2018-07-03T08:17:21+00:00 DEBUG 
====Stripe Version: 4.1.7====
====Start Log====
Keys are not set correctly.
====End Log====


2018-07-03T08:17:23+00:00 DEBUG 
====Stripe Version: 4.1.7====
====Start Log====
Keys are not set correctly.
====End Log====


2018-07-03T08:17:25+00:00 DEBUG 
====Stripe Version: 4.1.7====
====Start Log====
Keys are not set correctly.
====End Log====


2018-07-03T08:17:27+00:00 DEBUG 
====Stripe Version: 4.1.7====
====Start Log====
Keys are not set correctly.
====End Log====


2018-07-03T08:17:30+00:00 DEBUG 
====Stripe Version: 4.1.7====
====Start Log====
Keys are not set correctly.
====End Log====


2018-07-03T08:17:31+00:00 DEBUG 
====Stripe Version: 4.1.7====
====Start Log====
Keys are not set correctly.
====End Log====


2018-07-03T08:17:33+00:00 DEBUG 
====Stripe Version: 4.1.7====
====Start Log====
Keys are not set correctly.
====End Log====


2018-07-03T08:17:35+00:00 DEBUG 
====Stripe Version: 4.1.7====
====Start Log====
Keys are not set correctly.
====End Log====


2018-07-03T08:17:37+00:00 DEBUG 
====Stripe Version: 4.1.7====
====Start Log====
Keys are not set correctly.
====End Log====


2018-07-03T08:18:50+00:00 DEBUG 
====Stripe Version: 4.1.7====
====Start Log====
Keys are not set correctly.
====End Log====


2018-07-03T08:18:56+00:00 DEBUG 
====Stripe Version: 4.1.7====
====Start Log====
Keys are not set correctly.
====End Log====


2018-07-03T08:19:00+00:00 DEBUG 
====Stripe Version: 4.1.7====
====Start Log====
Keys are not set correctly.
====End Log====


2018-07-03T08:26:29+00:00 DEBUG 
====Stripe Version: 4.1.7====
====Start Log====
Keys are not set correctly.
====End Log====


2018-07-03T08:26:36+00:00 DEBUG 
====Stripe Version: 4.1.7====
====Start Log====
Keys are not set correctly.
====End Log====


2018-07-03T08:26:39+00:00 DEBUG 
====Stripe Version: 4.1.7====
====Start Log====
Keys are not set correctly.
====End Log====


2018-07-03T08:26:49+00:00 DEBUG 
====Stripe Version: 4.1.7====
====Start Log====
Keys are not set correctly.
====End Log====


2018-07-03T08:26:54+00:00 DEBUG 
====Stripe Version: 4.1.7====
====Start Log====
Keys are not set correctly.
====End Log====


2018-07-03T08:26:58+00:00 DEBUG 
====Stripe Version: 4.1.7====
====Start Log====
Keys are not set correctly.
====End Log====


2018-07-03T08:27:01+00:00 DEBUG 
====Stripe Version: 4.1.7====
====Start Log====
Keys are not set correctly.
====End Log====


2018-07-03T08:27:02+00:00 DEBUG 
====Stripe Version: 4.1.7====
====Start Log====
Keys are not set correctly.
====End Log====


2018-07-03T08:27:04+00:00 DEBUG 
====Stripe Version: 4.1.7====
====Start Log====
Keys are not set correctly.
====End Log====


2018-07-03T08:27:25+00:00 DEBUG 
====Stripe Version: 4.1.7====
====Start Log====
Keys are not set correctly.
====End Log====


2018-07-03T08:27:35+00:00 DEBUG 
====Stripe Version: 4.1.7====
====Start Log====
Keys are not set correctly.
====End Log====


2018-07-03T08:27:36+00:00 DEBUG 
====Stripe Version: 4.1.7====
====Start Log====
Keys are not set correctly.
====End Log====


2018-07-03T08:27:38+00:00 DEBUG 
====Stripe Version: 4.1.7====
====Start Log====
Keys are not set correctly.
====End Log====


2018-07-03T08:27:47+00:00 DEBUG 
====Stripe Version: 4.1.7====
====Start Log====
Keys are not set correctly.
====End Log====


2018-07-03T08:27:51+00:00 DEBUG 
====Stripe Version: 4.1.7====
====Start Log====
Keys are not set correctly.
====End Log====


2018-07-03T08:27:53+00:00 DEBUG 
====Stripe Version: 4.1.7====
====Start Log====
Keys are not set correctly.
====End Log====


2018-07-03T08:27:57+00:00 DEBUG 
====Stripe Version: 4.1.7====
====Start Log====
Keys are not set correctly.
====End Log====


2018-07-03T08:27:58+00:00 DEBUG 
====Stripe Version: 4.1.7====
====Start Log====
Keys are not set correctly.
====End Log====


2018-07-03T08:29:31+00:00 DEBUG 
====Stripe Version: 4.1.7====
====Start Log====
Keys are not set correctly.
====End Log====


2018-07-03T08:29:34+00:00 DEBUG 
====Stripe Version: 4.1.7====
====Start Log====
Keys are not set correctly.
====End Log====


2018-07-03T08:29:36+00:00 DEBUG 
====Stripe Version: 4.1.7====
====Start Log====
Keys are not set correctly.
====End Log====


2018-07-03T08:29:43+00:00 DEBUG 
====Stripe Version: 4.1.7====
====Start Log====
Keys are not set correctly.
====End Log====


2018-07-03T08:29:47+00:00 DEBUG 
====Stripe Version: 4.1.7====
====Start Log====
Keys are not set correctly.
====End Log====


2018-07-03T08:29:49+00:00 DEBUG 
====Stripe Version: 4.1.7====
====Start Log====
Keys are not set correctly.
====End Log====


2018-07-03T08:29:51+00:00 DEBUG 
====Stripe Version: 4.1.7====
====Start Log====
Keys are not set correctly.
====End Log====


2018-07-03T08:29:53+00:00 DEBUG 
====Stripe Version: 4.1.7====
====Start Log====
Keys are not set correctly.
====End Log====


2018-07-03T08:32:57+00:00 DEBUG 
====Stripe Version: 4.1.7====
====Start Log====
Keys are not set correctly.
====End Log====


2018-07-03T08:33:03+00:00 DEBUG 
====Stripe Version: 4.1.7====
====Start Log====
Keys are not set correctly.
====End Log====


2018-07-03T08:33:06+00:00 DEBUG 
====Stripe Version: 4.1.7====
====Start Log====
Keys are not set correctly.
====End Log====


2018-07-03T08:33:07+00:00 DEBUG 
====Stripe Version: 4.1.7====
====Start Log====
Keys are not set correctly.
====End Log====


2018-07-03T08:33:09+00:00 DEBUG 
====Stripe Version: 4.1.7====
====Start Log====
Keys are not set correctly.
====End Log====


2018-07-03T08:33:58+00:00 DEBUG 
====Stripe Version: 4.1.7====
====Start Log====
Keys are not set correctly.
====End Log====


2018-07-03T08:34:02+00:00 DEBUG 
====Stripe Version: 4.1.7====
====Start Log====
Keys are not set correctly.
====End Log====


2018-07-03T08:34:06+00:00 DEBUG 
====Stripe Version: 4.1.7====
====Start Log====
Keys are not set correctly.
====End Log====


2018-07-03T08:34:07+00:00 DEBUG 
====Stripe Version: 4.1.7====
====Start Log====
Keys are not set correctly.
====End Log====


2018-07-03T08:34:09+00:00 DEBUG 
====Stripe Version: 4.1.7====
====Start Log====
Keys are not set correctly.
====End Log====


2018-07-03T08:36:21+00:00 DEBUG 
====Stripe Version: 4.1.7====
====Start Log====
Keys are not set correctly.
====End Log====


2018-07-03T08:36:52+00:00 DEBUG 
====Stripe Version: 4.1.7====
====Start Log====
Keys are not set correctly.
====End Log====


2018-07-03T08:36:59+00:00 DEBUG 
====Stripe Version: 4.1.7====
====Start Log====
Keys are not set correctly.
====End Log====


2018-07-03T08:37:03+00:00 DEBUG 
====Stripe Version: 4.1.7====
====Start Log====
Keys are not set correctly.
====End Log====


2018-07-03T08:37:25+00:00 DEBUG 
====Stripe Version: 4.1.7====
====Start Log====
Keys are not set correctly.
====End Log====


2018-07-03T08:37:30+00:00 DEBUG 
====Stripe Version: 4.1.7====
====Start Log====
Keys are not set correctly.
====End Log====


2018-07-03T08:37:32+00:00 DEBUG 
====Stripe Version: 4.1.7====
====Start Log====
Keys are not set correctly.
====End Log====


2018-07-03T08:37:40+00:00 DEBUG 
====Stripe Version: 4.1.7====
====Start Log====
Keys are not set correctly.
====End Log====


2018-07-03T08:37:41+00:00 DEBUG 
====Stripe Version: 4.1.7====
====Start Log====
Keys are not set correctly.
====End Log====


2018-07-03T08:37:44+00:00 DEBUG 
====Stripe Version: 4.1.7====
====Start Log====
Keys are not set correctly.
====End Log====


2018-07-03T08:41:20+00:00 DEBUG 
====Stripe Version: 4.1.7====
====Start Log====
Keys are not set correctly.
====End Log====


2018-07-03T08:41:26+00:00 DEBUG 
====Stripe Version: 4.1.7====
====Start Log====
Keys are not set correctly.
====End Log====


2018-07-03T08:41:30+00:00 DEBUG 
====Stripe Version: 4.1.7====
====Start Log====
Keys are not set correctly.
====End Log====


2018-07-03T08:41:31+00:00 DEBUG 
====Stripe Version: 4.1.7====
====Start Log====
Keys are not set correctly.
====End Log====


2018-07-03T08:41:33+00:00 DEBUG 
====Stripe Version: 4.1.7====
====Start Log====
Keys are not set correctly.
====End Log====


2018-07-03T08:41:36+00:00 DEBUG 
====Stripe Version: 4.1.7====
====Start Log====
Keys are not set correctly.
====End Log====


2018-07-03T08:41:58+00:00 DEBUG 
====Stripe Version: 4.1.7====
====Start Log====
Keys are not set correctly.
====End Log====


2018-07-03T08:42:04+00:00 DEBUG 
====Stripe Version: 4.1.7====
====Start Log====
Keys are not set correctly.
====End Log====


2018-07-03T08:42:09+00:00 DEBUG 
====Stripe Version: 4.1.7====
====Start Log====
Keys are not set correctly.
====End Log====


2018-07-03T08:42:12+00:00 DEBUG 
====Stripe Version: 4.1.7====
====Start Log====
Keys are not set correctly.
====End Log====


2018-07-03T08:42:13+00:00 DEBUG 
====Stripe Version: 4.1.7====
====Start Log====
Keys are not set correctly.
====End Log====


2018-07-03T08:42:40+00:00 DEBUG 
====Stripe Version: 4.1.7====
====Start Log====
Keys are not set correctly.
====End Log====


2018-07-03T08:42:45+00:00 DEBUG 
====Stripe Version: 4.1.7====
====Start Log====
Keys are not set correctly.
====End Log====


2018-07-03T08:42:48+00:00 DEBUG 
====Stripe Version: 4.1.7====
====Start Log====
Keys are not set correctly.
====End Log====


2018-07-03T08:42:49+00:00 DEBUG 
====Stripe Version: 4.1.7====
====Start Log====
Keys are not set correctly.
====End Log====


2018-07-03T08:42:52+00:00 DEBUG 
====Stripe Version: 4.1.7====
====Start Log====
Keys are not set correctly.
====End Log====


2018-07-03T08:43:22+00:00 DEBUG 
====Stripe Version: 4.1.7====
====Start Log====
Keys are not set correctly.
====End Log====


2018-07-03T08:43:27+00:00 DEBUG 
====Stripe Version: 4.1.7====
====Start Log====
Keys are not set correctly.
====End Log====


2018-07-03T08:43:28+00:00 DEBUG 
====Stripe Version: 4.1.7====
====Start Log====
Keys are not set correctly.
====End Log====


2018-07-03T08:44:11+00:00 DEBUG 
====Stripe Version: 4.1.7====
====Start Log====
Keys are not set correctly.
====End Log====


2018-07-03T08:44:25+00:00 DEBUG 
====Stripe Version: 4.1.7====
====Start Log====
Keys are not set correctly.
====End Log====


2018-07-03T08:44:29+00:00 DEBUG 
====Stripe Version: 4.1.7====
====Start Log====
Keys are not set correctly.
====End Log====


2018-07-03T08:44:34+00:00 DEBUG 
====Stripe Version: 4.1.7====
====Start Log====
Keys are not set correctly.
====End Log====


2018-07-03T08:44:55+00:00 DEBUG 
====Stripe Version: 4.1.7====
====Start Log====
Keys are not set correctly.
====End Log====


2018-07-03T08:44:57+00:00 DEBUG 
====Stripe Version: 4.1.7====
====Start Log====
Keys are not set correctly.
====End Log====


2018-07-03T08:44:59+00:00 DEBUG 
====Stripe Version: 4.1.7====
====Start Log====
Keys are not set correctly.
====End Log====


2018-07-03T08:45:01+00:00 DEBUG 
====Stripe Version: 4.1.7====
====Start Log====
Keys are not set correctly.
====End Log====


2018-07-03T08:45:03+00:00 DEBUG 
====Stripe Version: 4.1.7====
====Start Log====
Keys are not set correctly.
====End Log====


2018-07-03T08:45:05+00:00 DEBUG 
====Stripe Version: 4.1.7====
====Start Log====
Keys are not set correctly.
====End Log====


2018-07-03T08:45:07+00:00 DEBUG 
====Stripe Version: 4.1.7====
====Start Log====
Keys are not set correctly.
====End Log====


2018-07-03T08:45:09+00:00 DEBUG 
====Stripe Version: 4.1.7====
====Start Log====
Keys are not set correctly.
====End Log====


2018-07-03T08:45:39+00:00 DEBUG 
====Stripe Version: 4.1.7====
====Start Log====
Keys are not set correctly.
====End Log====


2018-07-03T08:45:51+00:00 DEBUG 
====Stripe Version: 4.1.7====
====Start Log====
Keys are not set correctly.
====End Log====


2018-07-03T08:46:00+00:00 DEBUG 
====Stripe Version: 4.1.7====
====Start Log====
Keys are not set correctly.
====End Log====


2018-07-03T08:46:10+00:00 DEBUG 
====Stripe Version: 4.1.7====
====Start Log====
Keys are not set correctly.
====End Log====


2018-07-03T08:46:18+00:00 DEBUG 
====Stripe Version: 4.1.7====
====Start Log====
Keys are not set correctly.
====End Log====


2018-07-03T08:46:33+00:00 DEBUG 
====Stripe Version: 4.1.7====
====Start Log====
Keys are not set correctly.
====End Log====


2018-07-03T08:47:04+00:00 DEBUG 
====Stripe Version: 4.1.7====
====Start Log====
Keys are not set correctly.
====End Log====


2018-07-03T08:47:12+00:00 DEBUG 
====Stripe Version: 4.1.7====
====Start Log====
Keys are not set correctly.
====End Log====


2018-07-03T08:47:16+00:00 DEBUG 
====Stripe Version: 4.1.7====
====Start Log====
Keys are not set correctly.
====End Log====


2018-07-03T08:47:20+00:00 DEBUG 
====Stripe Version: 4.1.7====
====Start Log====
Keys are not set correctly.
====End Log====


2018-07-03T08:47:21+00:00 DEBUG 
====Stripe Version: 4.1.7====
====Start Log====
Keys are not set correctly.
====End Log====


2018-07-03T08:47:31+00:00 DEBUG 
====Stripe Version: 4.1.7====
====Start Log====
Keys are not set correctly.
====End Log====


2018-07-03T08:48:21+00:00 DEBUG 
====Stripe Version: 4.1.7====
====Start Log====
Keys are not set correctly.
====End Log====


2018-07-03T08:48:30+00:00 DEBUG 
====Stripe Version: 4.1.7====
====Start Log====
Keys are not set correctly.
====End Log====


2018-07-03T08:49:10+00:00 DEBUG 
====Stripe Version: 4.1.7====
====Start Log====
Keys are not set correctly.
====End Log====


2018-07-03T08:49:17+00:00 DEBUG 
====Stripe Version: 4.1.7====
====Start Log====
Keys are not set correctly.
====End Log====


2018-07-03T08:50:07+00:00 DEBUG 
====Stripe Version: 4.1.7====
====Start Log====
Keys are not set correctly.
====End Log====


2018-07-03T08:51:31+00:00 DEBUG 
====Stripe Version: 4.1.7====
====Start Log====
Keys are not set correctly.
====End Log====


2018-07-03T08:51:31+00:00 DEBUG 
====Stripe Version: 4.1.7====
====Start Log====
Keys are not set correctly.
====End Log====


2018-07-03T08:51:34+00:00 DEBUG 
====Stripe Version: 4.1.7====
====Start Log====
Keys are not set correctly.
====End Log====


2018-07-03T08:51:41+00:00 DEBUG 
====Stripe Version: 4.1.7====
====Start Log====
Keys are not set correctly.
====End Log====


2018-07-03T08:51:50+00:00 DEBUG 
====Stripe Version: 4.1.7====
====Start Log====
Keys are not set correctly.
====End Log====


2018-07-03T08:51:58+00:00 DEBUG 
====Stripe Version: 4.1.7====
====Start Log====
Keys are not set correctly.
====End Log====


2018-07-03T08:52:20+00:00 DEBUG 
====Stripe Version: 4.1.7====
====Start Log====
Keys are not set correctly.
====End Log====


2018-07-03T08:52:25+00:00 DEBUG 
====Stripe Version: 4.1.7====
====Start Log====
Keys are not set correctly.
====End Log====


2018-07-03T08:52:30+00:00 DEBUG 
====Stripe Version: 4.1.7====
====Start Log====
Keys are not set correctly.
====End Log====


2018-07-03T08:52:31+00:00 DEBUG 
====Stripe Version: 4.1.7====
====Start Log====
Keys are not set correctly.
====End Log====


2018-07-03T08:56:19+00:00 DEBUG 
====Stripe Version: 4.1.7====
====Start Log====
Keys are not set correctly.
====End Log====


2018-07-03T08:56:30+00:00 DEBUG 
====Stripe Version: 4.1.7====
====Start Log====
Keys are not set correctly.
====End Log====


2018-07-03T08:56:34+00:00 DEBUG 
====Stripe Version: 4.1.7====
====Start Log====
Keys are not set correctly.
====End Log====


2018-07-03T08:56:40+00:00 DEBUG 
====Stripe Version: 4.1.7====
====Start Log====
Keys are not set correctly.
====End Log====


2018-07-03T08:56:54+00:00 DEBUG 
====Stripe Version: 4.1.7====
====Start Log====
Keys are not set correctly.
====End Log====


2018-07-03T08:57:03+00:00 DEBUG 
====Stripe Version: 4.1.7====
====Start Log====
Keys are not set correctly.
====End Log====


2018-07-03T08:59:10+00:00 DEBUG 
====Stripe Version: 4.1.7====
====Start Log====
Keys are not set correctly.
====End Log====


2018-07-03T08:59:20+00:00 DEBUG 
====Stripe Version: 4.1.7====
====Start Log====
Keys are not set correctly.
====End Log====


2018-07-03T08:59:28+00:00 DEBUG 
====Stripe Version: 4.1.7====
====Start Log====
Keys are not set correctly.
====End Log====


2018-07-03T09:02:37+00:00 DEBUG 
====Stripe Version: 4.1.7====
====Start Log====
Keys are not set correctly.
====End Log====


2018-07-03T09:02:40+00:00 DEBUG 
====Stripe Version: 4.1.7====
====Start Log====
Keys are not set correctly.
====End Log====


2018-07-03T09:02:43+00:00 DEBUG 
====Stripe Version: 4.1.7====
====Start Log====
Keys are not set correctly.
====End Log====


2018-07-03T09:02:44+00:00 DEBUG 
====Stripe Version: 4.1.7====
====Start Log====
Keys are not set correctly.
====End Log====


2018-07-03T09:02:47+00:00 DEBUG 
====Stripe Version: 4.1.7====
====Start Log====
Keys are not set correctly.
====End Log====


2018-07-03T09:02:55+00:00 DEBUG 
====Stripe Version: 4.1.7====
====Start Log====
Keys are not set correctly.
====End Log====


2018-07-03T09:03:16+00:00 DEBUG 
====Stripe Version: 4.1.7====
====Start Log====
Keys are not set correctly.
====End Log====


2018-07-03T09:03:29+00:00 DEBUG 
====Stripe Version: 4.1.7====
====Start Log====
Keys are not set correctly.
====End Log====


2018-07-03T09:03:37+00:00 DEBUG 
====Stripe Version: 4.1.7====
====Start Log====
Keys are not set correctly.
====End Log====


2018-07-03T09:03:55+00:00 DEBUG 
====Stripe Version: 4.1.7====
====Start Log====
Keys are not set correctly.
====End Log====


2018-07-03T09:04:28+00:00 DEBUG 
====Stripe Version: 4.1.7====
====Start Log====
Keys are not set correctly.
====End Log====


2018-07-03T09:04:34+00:00 DEBUG 
====Stripe Version: 4.1.7====
====Start Log====
Keys are not set correctly.
====End Log====


2018-07-03T09:04:38+00:00 DEBUG 
====Stripe Version: 4.1.7====
====Start Log====
Keys are not set correctly.
====End Log====


2018-07-03T09:04:41+00:00 DEBUG 
====Stripe Version: 4.1.7====
====Start Log====
Keys are not set correctly.
====End Log====


2018-07-03T09:04:44+00:00 DEBUG 
====Stripe Version: 4.1.7====
====Start Log====
Keys are not set correctly.
====End Log====


2018-07-03T09:04:44+00:00 DEBUG 
====Stripe Version: 4.1.7====
====Start Log====
Keys are not set correctly.
====End Log====


2018-07-03T09:04:54+00:00 DEBUG 
====Stripe Version: 4.1.7====
====Start Log====
Keys are not set correctly.
====End Log====


2018-07-03T09:05:22+00:00 DEBUG 
====Stripe Version: 4.1.7====
====Start Log====
Keys are not set correctly.
====End Log====


2018-07-03T09:05:31+00:00 DEBUG 
====Stripe Version: 4.1.7====
====Start Log====
Keys are not set correctly.
====End Log====


2018-07-03T09:06:16+00:00 DEBUG 
====Stripe Version: 4.1.7====
====Start Log====
Keys are not set correctly.
====End Log====


2018-07-03T09:06:27+00:00 DEBUG 
====Stripe Version: 4.1.7====
====Start Log====
Keys are not set correctly.
====End Log====


2018-07-03T09:07:07+00:00 DEBUG 
====Stripe Version: 4.1.7====
====Start Log====
Keys are not set correctly.
====End Log====


2018-07-03T09:07:17+00:00 DEBUG 
====Stripe Version: 4.1.7====
====Start Log====
Keys are not set correctly.
====End Log====


2018-07-03T09:08:59+00:00 DEBUG 
====Stripe Version: 4.1.7====
====Start Log====
Keys are not set correctly.
====End Log====


2018-07-03T09:09:07+00:00 DEBUG 
====Stripe Version: 4.1.7====
====Start Log====
Keys are not set correctly.
====End Log====


2018-07-03T09:12:35+00:00 DEBUG 
====Stripe Version: 4.1.7====
====Start Log====
Keys are not set correctly.
====End Log====


2018-07-03T09:13:01+00:00 DEBUG 
====Stripe Version: 4.1.7====
====Start Log====
Keys are not set correctly.
====End Log====


2018-07-03T09:13:37+00:00 DEBUG 
====Stripe Version: 4.1.7====
====Start Log====
Keys are not set correctly.
====End Log====


2018-07-03T09:13:45+00:00 DEBUG 
====Stripe Version: 4.1.7====
====Start Log====
Keys are not set correctly.
====End Log====


2018-07-03T09:14:44+00:00 DEBUG 
====Stripe Version: 4.1.7====
====Start Log====
Keys are not set correctly.
====End Log====


2018-07-03T09:14:54+00:00 DEBUG 
====Stripe Version: 4.1.7====
====Start Log====
Keys are not set correctly.
====End Log====


2018-07-03T09:15:28+00:00 DEBUG 
====Stripe Version: 4.1.7====
====Start Log====
Keys are not set correctly.
====End Log====


2018-07-03T09:17:33+00:00 DEBUG 
====Stripe Version: 4.1.7====
====Start Log====
Keys are not set correctly.
====End Log====


2018-07-03T09:19:00+00:00 DEBUG 
====Stripe Version: 4.1.7====
====Start Log====
Keys are not set correctly.
====End Log====


2018-07-03T09:22:48+00:00 DEBUG 
====Stripe Version: 4.1.7====
====Start Log====
Keys are not set correctly.
====End Log====


2018-07-03T09:22:58+00:00 DEBUG 
====Stripe Version: 4.1.7====
====Start Log====
Keys are not set correctly.
====End Log====


2018-07-03T09:23:06+00:00 DEBUG 
====Stripe Version: 4.1.7====
====Start Log====
Keys are not set correctly.
====End Log====


2018-07-03T09:23:19+00:00 DEBUG 
====Stripe Version: 4.1.7====
====Start Log====
Keys are not set correctly.
====End Log====


2018-07-03T09:23:27+00:00 DEBUG 
====Stripe Version: 4.1.7====
====Start Log====
Keys are not set correctly.
====End Log====


2018-07-03T09:23:53+00:00 DEBUG 
====Stripe Version: 4.1.7====
====Start Log====
Keys are not set correctly.
====End Log====


2018-07-03T09:24:04+00:00 DEBUG 
====Stripe Version: 4.1.7====
====Start Log====
Keys are not set correctly.
====End Log====


2018-07-03T09:24:19+00:00 DEBUG 
====Stripe Version: 4.1.7====
====Start Log====
Keys are not set correctly.
====End Log====


2018-07-03T09:24:27+00:00 DEBUG 
====Stripe Version: 4.1.7====
====Start Log====
Keys are not set correctly.
====End Log====


2018-07-03T09:24:35+00:00 DEBUG 
====Stripe Version: 4.1.7====
====Start Log====
Keys are not set correctly.
====End Log====


2018-07-03T09:24:44+00:00 DEBUG 
====Stripe Version: 4.1.7====
====Start Log====
Keys are not set correctly.
====End Log====


2018-07-03T09:25:31+00:00 DEBUG 
====Stripe Version: 4.1.7====
====Start Log====
Keys are not set correctly.
====End Log====


2018-07-03T09:25:35+00:00 DEBUG 
====Stripe Version: 4.1.7====
====Start Log====
Keys are not set correctly.
====End Log====


2018-07-03T09:25:38+00:00 DEBUG 
====Stripe Version: 4.1.7====
====Start Log====
Keys are not set correctly.
====End Log====


2018-07-03T09:25:39+00:00 DEBUG 
====Stripe Version: 4.1.7====
====Start Log====
Keys are not set correctly.
====End Log====


2018-07-03T09:25:42+00:00 DEBUG 
====Stripe Version: 4.1.7====
====Start Log====
Keys are not set correctly.
====End Log====


2018-07-03T09:25:49+00:00 DEBUG 
====Stripe Version: 4.1.7====
====Start Log====
Keys are not set correctly.
====End Log====


2018-07-03T09:34:25+00:00 DEBUG 
====Stripe Version: 4.1.7====
====Start Log====
Keys are not set correctly.
====End Log====


2018-07-03T09:34:35+00:00 DEBUG 
====Stripe Version: 4.1.7====
====Start Log====
Keys are not set correctly.
====End Log====


2018-07-03T09:34:44+00:00 DEBUG 
====Stripe Version: 4.1.7====
====Start Log====
Keys are not set correctly.
====End Log====


2018-07-03T09:34:52+00:00 DEBUG 
====Stripe Version: 4.1.7====
====Start Log====
Keys are not set correctly.
====End Log====


2018-07-03T09:37:37+00:00 DEBUG 
====Stripe Version: 4.1.7====
====Start Log====
Keys are not set correctly.
====End Log====


2018-07-03T09:38:00+00:00 DEBUG 
====Stripe Version: 4.1.7====
====Start Log====
Keys are not set correctly.
====End Log====


2018-07-03T09:38:04+00:00 DEBUG 
====Stripe Version: 4.1.7====
====Start Log====
Keys are not set correctly.
====End Log====


2018-07-03T09:38:15+00:00 DEBUG 
====Stripe Version: 4.1.7====
====Start Log====
Keys are not set correctly.
====End Log====


2018-07-03T09:38:55+00:00 DEBUG 
====Stripe Version: 4.1.7====
====Start Log====
Keys are not set correctly.
====End Log====


2018-07-03T09:39:10+00:00 DEBUG 
====Stripe Version: 4.1.7====
====Start Log====
Keys are not set correctly.
====End Log====


2018-07-03T09:39:13+00:00 DEBUG 
====Stripe Version: 4.1.7====
====Start Log====
Keys are not set correctly.
====End Log====


2018-07-03T09:39:15+00:00 DEBUG 
====Stripe Version: 4.1.7====
====Start Log====
Keys are not set correctly.
====End Log====


2018-07-03T09:39:18+00:00 DEBUG 
====Stripe Version: 4.1.7====
====Start Log====
Keys are not set correctly.
====End Log====


2018-07-03T09:39:20+00:00 DEBUG 
====Stripe Version: 4.1.7====
====Start Log====
Keys are not set correctly.
====End Log====


2018-07-03T09:39:22+00:00 DEBUG 
====Stripe Version: 4.1.7====
====Start Log====
Keys are not set correctly.
====End Log====


2018-07-03T09:39:30+00:00 DEBUG 
====Stripe Version: 4.1.7====
====Start Log====
Keys are not set correctly.
====End Log====


2018-07-03T09:39:49+00:00 DEBUG 
====Stripe Version: 4.1.7====
====Start Log====
Keys are not set correctly.
====End Log====


2018-07-03T09:40:02+00:00 DEBUG 
====Stripe Version: 4.1.7====
====Start Log====
Keys are not set correctly.
====End Log====


2018-07-03T09:47:56+00:00 DEBUG 
====Stripe Version: 4.1.7====
====Start Log====
Keys are not set correctly.
====End Log====


2018-07-03T09:48:00+00:00 DEBUG 
====Stripe Version: 4.1.7====
====Start Log====
Keys are not set correctly.
====End Log====


2018-07-03T09:50:29+00:00 DEBUG 
====Stripe Version: 4.1.7====
====Start Log====
Keys are not set correctly.
====End Log====


2018-07-03T09:50:38+00:00 DEBUG 
====Stripe Version: 4.1.7====
====Start Log====
Keys are not set correctly.
====End Log====


2018-07-03T10:02:39+00:00 DEBUG 
====Stripe Version: 4.1.7====
====Start Log====
Keys are not set correctly.
====End Log====


2018-07-03T10:02:45+00:00 DEBUG 
====Stripe Version: 4.1.7====
====Start Log====
Keys are not set correctly.
====End Log====


2018-07-03T10:02:56+00:00 DEBUG 
====Stripe Version: 4.1.7====
====Start Log====
Keys are not set correctly.
====End Log====


2018-07-03T10:03:10+00:00 DEBUG 
====Stripe Version: 4.1.7====
====Start Log====
Keys are not set correctly.
====End Log====


2018-07-03T10:03:15+00:00 DEBUG 
====Stripe Version: 4.1.7====
====Start Log====
Keys are not set correctly.
====End Log====


2018-07-03T10:03:17+00:00 DEBUG 
====Stripe Version: 4.1.7====
====Start Log====
Keys are not set correctly.
====End Log====


2018-07-03T10:03:19+00:00 DEBUG 
====Stripe Version: 4.1.7====
====Start Log====
Keys are not set correctly.
====End Log====


2018-07-03T10:04:57+00:00 DEBUG 
====Stripe Version: 4.1.7====
====Start Log====
Keys are not set correctly.
====End Log====


2018-07-03T10:05:01+00:00 DEBUG 
====Stripe Version: 4.1.7====
====Start Log====
Keys are not set correctly.
====End Log====


2018-07-03T10:05:03+00:00 DEBUG 
====Stripe Version: 4.1.7====
====Start Log====
Keys are not set correctly.
====End Log====


2018-07-03T10:05:06+00:00 DEBUG 
====Stripe Version: 4.1.7====
====Start Log====
Keys are not set correctly.
====End Log====


2018-07-03T10:05:08+00:00 DEBUG 
====Stripe Version: 4.1.7====
====Start Log====
Keys are not set correctly.
====End Log====


2018-07-03T10:05:10+00:00 DEBUG 
====Stripe Version: 4.1.7====
====Start Log====
Keys are not set correctly.
====End Log====


2018-07-03T10:05:12+00:00 DEBUG 
====Stripe Version: 4.1.7====
====Start Log====
Keys are not set correctly.
====End Log====


2018-07-03T10:05:57+00:00 DEBUG 
====Stripe Version: 4.1.7====
====Start Log====
Keys are not set correctly.
====End Log====


2018-07-03T10:06:03+00:00 DEBUG 
====Stripe Version: 4.1.7====
====Start Log====
Keys are not set correctly.
====End Log====


2018-07-03T10:06:05+00:00 DEBUG 
====Stripe Version: 4.1.7====
====Start Log====
Keys are not set correctly.
====End Log====


2018-07-03T10:06:07+00:00 DEBUG 
====Stripe Version: 4.1.7====
====Start Log====
Keys are not set correctly.
====End Log====


2018-07-03T10:07:05+00:00 DEBUG 
====Stripe Version: 4.1.7====
====Start Log====
Keys are not set correctly.
====End Log====


2018-07-03T10:07:18+00:00 DEBUG 
====Stripe Version: 4.1.7====
====Start Log====
Keys are not set correctly.
====End Log====


2018-07-03T10:07:21+00:00 DEBUG 
====Stripe Version: 4.1.7====
====Start Log====
Keys are not set correctly.
====End Log====


2018-07-03T10:07:24+00:00 DEBUG 
====Stripe Version: 4.1.7====
====Start Log====
Keys are not set correctly.
====End Log====


2018-07-03T10:07:27+00:00 DEBUG 
====Stripe Version: 4.1.7====
====Start Log====
Keys are not set correctly.
====End Log====


2018-07-03T10:07:29+00:00 DEBUG 
====Stripe Version: 4.1.7====
====Start Log====
Keys are not set correctly.
====End Log====


2018-07-03T10:23:19+00:00 DEBUG 
====Stripe Version: 4.1.7====
====Start Log====
Keys are not set correctly.
====End Log====


2018-07-03T10:23:45+00:00 DEBUG 
====Stripe Version: 4.1.7====
====Start Log====
Keys are not set correctly.
====End Log====


2018-07-03T10:23:51+00:00 DEBUG 
====Stripe Version: 4.1.7====
====Start Log====
Keys are not set correctly.
====End Log====


2018-07-03T10:26:24+00:00 DEBUG 
====Stripe Version: 4.1.7====
====Start Log====
Keys are not set correctly.
====End Log====


2018-07-03T10:26:27+00:00 DEBUG 
====Stripe Version: 4.1.7====
====Start Log====
Keys are not set correctly.
====End Log====


2018-07-03T10:26:34+00:00 DEBUG 
====Stripe Version: 4.1.7====
====Start Log====
Keys are not set correctly.
====End Log====


2018-07-03T10:26:38+00:00 DEBUG 
====Stripe Version: 4.1.7====
====Start Log====
Keys are not set correctly.
====End Log====


2018-07-03T10:48:03+00:00 DEBUG 
====Stripe Version: 4.1.7====
====Start Log====
Keys are not set correctly.
====End Log====


2018-07-03T10:55:45+00:00 DEBUG 
====Stripe Version: 4.1.7====
====Start Log====
Keys are not set correctly.
====End Log====


2018-07-03T10:56:14+00:00 DEBUG 
====Stripe Version: 4.1.7====
====Start Log====
Keys are not set correctly.
====End Log====


2018-07-03T10:56:18+00:00 DEBUG 
====Stripe Version: 4.1.7====
====Start Log====
Keys are not set correctly.
====End Log====


2018-07-03T10:56:20+00:00 DEBUG 
====Stripe Version: 4.1.7====
====Start Log====
Keys are not set correctly.
====End Log====


2018-07-03T10:56:22+00:00 DEBUG 
====Stripe Version: 4.1.7====
====Start Log====
Keys are not set correctly.
====End Log====


2018-07-03T10:56:24+00:00 DEBUG 
====Stripe Version: 4.1.7====
====Start Log====
Keys are not set correctly.
====End Log====


2018-07-03T10:56:37+00:00 DEBUG 
====Stripe Version: 4.1.7====
====Start Log====
Keys are not set correctly.
====End Log====


2018-07-03T10:56:39+00:00 DEBUG 
====Stripe Version: 4.1.7====
====Start Log====
Keys are not set correctly.
====End Log====


2018-07-03T10:56:41+00:00 DEBUG 
====Stripe Version: 4.1.7====
====Start Log====
Keys are not set correctly.
====End Log====


2018-07-03T11:00:03+00:00 DEBUG 
====Stripe Version: 4.1.7====
====Start Log====
Keys are not set correctly.
====End Log====


2018-07-03T11:00:06+00:00 DEBUG 
====Stripe Version: 4.1.7====
====Start Log====
Keys are not set correctly.
====End Log====


2018-07-03T11:00:09+00:00 DEBUG 
====Stripe Version: 4.1.7====
====Start Log====
Keys are not set correctly.
====End Log====


2018-07-03T11:00:12+00:00 DEBUG 
====Stripe Version: 4.1.7====
====Start Log====
Keys are not set correctly.
====End Log====


2018-07-03T11:00:45+00:00 DEBUG 
====Stripe Version: 4.1.7====
====Start Log====
Keys are not set correctly.
====End Log====


2018-07-03T11:00:52+00:00 DEBUG 
====Stripe Version: 4.1.7====
====Start Log====
Keys are not set correctly.
====End Log====


2018-07-03T11:00:55+00:00 DEBUG 
====Stripe Version: 4.1.7====
====Start Log====
Keys are not set correctly.
====End Log====


2018-07-03T11:01:51+00:00 DEBUG 
====Stripe Version: 4.1.7====
====Start Log====
Keys are not set correctly.
====End Log====


2018-07-03T11:02:04+00:00 DEBUG 
====Stripe Version: 4.1.7====
====Start Log====
Keys are not set correctly.
====End Log====


2018-07-03T11:02:42+00:00 DEBUG 
====Stripe Version: 4.1.7====
====Start Log====
Keys are not set correctly.
====End Log====


2018-07-03T11:20:33+00:00 DEBUG 
====Stripe Version: 4.1.7====
====Start Log====
Keys are not set correctly.
====End Log====


2018-07-03T11:21:16+00:00 DEBUG 
====Stripe Version: 4.1.7====
====Start Log====
Keys are not set correctly.
====End Log====


2018-07-03T11:21:20+00:00 DEBUG 
====Stripe Version: 4.1.7====
====Start Log====
Keys are not set correctly.
====End Log====


2018-07-03T11:22:02+00:00 DEBUG 
====Stripe Version: 4.1.7====
====Start Log====
Keys are not set correctly.
====End Log====


2018-07-03T11:22:12+00:00 DEBUG 
====Stripe Version: 4.1.7====
====Start Log====
Keys are not set correctly.
====End Log====


2018-07-03T11:22:20+00:00 DEBUG 
====Stripe Version: 4.1.7====
====Start Log====
Keys are not set correctly.
====End Log====


2018-07-03T11:24:37+00:00 DEBUG 
====Stripe Version: 4.1.7====
====Start Log====
Keys are not set correctly.
====End Log====


2018-07-03T11:35:25+00:00 DEBUG 
====Stripe Version: 4.1.7====
====Start Log====
Keys are not set correctly.
====End Log====


2018-07-03T11:35:32+00:00 DEBUG 
====Stripe Version: 4.1.7====
====Start Log====
Keys are not set correctly.
====End Log====


2018-07-03T11:35:38+00:00 DEBUG 
====Stripe Version: 4.1.7====
====Start Log====
Keys are not set correctly.
====End Log====


2018-07-03T11:35:43+00:00 DEBUG 
====Stripe Version: 4.1.7====
====Start Log====
Keys are not set correctly.
====End Log====


2018-07-03T11:35:48+00:00 DEBUG 
====Stripe Version: 4.1.7====
====Start Log====
Keys are not set correctly.
====End Log====


2018-07-03T11:37:38+00:00 DEBUG 
====Stripe Version: 4.1.7====
====Start Log====
Keys are not set correctly.
====End Log====


2018-07-03T11:38:51+00:00 DEBUG 
====Stripe Version: 4.1.7====
====Start Log====
Keys are not set correctly.
====End Log====


2018-07-03T11:39:09+00:00 DEBUG 
====Stripe Version: 4.1.7====
====Start Log====
Keys are not set correctly.
====End Log====


2018-07-03T11:39:12+00:00 DEBUG 
====Stripe Version: 4.1.7====
====Start Log====
Keys are not set correctly.
====End Log====


2018-07-03T11:39:29+00:00 DEBUG 
====Stripe Version: 4.1.7====
====Start Log====
Keys are not set correctly.
====End Log====


2018-07-03T11:39:43+00:00 DEBUG 
====Stripe Version: 4.1.7====
====Start Log====
Keys are not set correctly.
====End Log====


2018-07-03T11:42:01+00:00 DEBUG 
====Stripe Version: 4.1.7====
====Start Log====
Keys are not set correctly.
====End Log====


2018-07-03T11:42:34+00:00 DEBUG 
====Stripe Version: 4.1.7====
====Start Log====
Keys are not set correctly.
====End Log====


2018-07-03T11:44:50+00:00 DEBUG 
====Stripe Version: 4.1.7====
====Start Log====
Keys are not set correctly.
====End Log====


2018-07-03T11:45:05+00:00 DEBUG 
====Stripe Version: 4.1.7====
====Start Log====
Keys are not set correctly.
====End Log====


2018-07-03T12:07:03+00:00 DEBUG 
====Stripe Version: 4.1.7====
====Start Log====
Keys are not set correctly.
====End Log====


2018-07-03T12:07:40+00:00 DEBUG 
====Stripe Version: 4.1.7====
====Start Log====
Keys are not set correctly.
====End Log====


2018-07-03T17:19:21+00:00 DEBUG 
====Stripe Version: 4.1.7====
====Start Log====
Keys are not set correctly.
====End Log====


